2025-12-26 05:27:04,673 - __main__ - INFO - ============================================================
2025-12-26 05:27:04,673 - __main__ - INFO - Starting VidFetch Test
2025-12-26 05:27:04,673 - __main__ - INFO - ============================================================
2025-12-26 05:27:04,790 - __main__ - INFO - Calling main()...
2025-12-26 05:27:04,790 - src.vidfetch.app - INFO - Starting VidFetch v0.1.0
2025-12-26 05:27:04,790 - src.vidfetch.app - INFO - Initializing application...
2025-12-26 05:27:04,960 - PIL.PngImagePlugin - DEBUG - STREAM b'IHDR' 16 13
2025-12-26 05:27:04,960 - PIL.PngImagePlugin - DEBUG - STREAM b'IDAT' 41 4096
2025-12-26 05:27:05,015 - PIL.PngImagePlugin - DEBUG - STREAM b'IDAT' 116041 6
2025-12-26 05:27:05,022 - PIL.PngImagePlugin - DEBUG - STREAM b'IHDR' 16 13
2025-12-26 05:27:05,022 - PIL.PngImagePlugin - DEBUG - STREAM b'IDAT' 41 1206
2025-12-26 05:27:05,023 - PIL.PngImagePlugin - DEBUG - STREAM b'IHDR' 16 13
2025-12-26 05:27:05,023 - PIL.PngImagePlugin - DEBUG - STREAM b'IDAT' 41 1221
2025-12-26 05:27:05,023 - PIL.PngImagePlugin - DEBUG - STREAM b'IDAT' 1274 6
2025-12-26 05:27:05,024 - PIL.PngImagePlugin - DEBUG - STREAM b'IHDR' 16 13
2025-12-26 05:27:05,024 - PIL.PngImagePlugin - DEBUG - STREAM b'IDAT' 41 454
2025-12-26 05:27:05,024 - PIL.PngImagePlugin - DEBUG - STREAM b'IHDR' 16 13
2025-12-26 05:27:05,024 - PIL.PngImagePlugin - DEBUG - STREAM b'IDAT' 41 451
2025-12-26 05:27:05,024 - PIL.PngImagePlugin - DEBUG - STREAM b'IDAT' 504 6
2025-12-26 05:27:05,024 - PIL.PngImagePlugin - DEBUG - STREAM b'IHDR' 16 13
2025-12-26 05:27:05,024 - PIL.PngImagePlugin - DEBUG - STREAM b'IDAT' 41 1046
2025-12-26 05:27:05,025 - PIL.PngImagePlugin - DEBUG - STREAM b'IHDR' 16 13
2025-12-26 05:27:05,025 - PIL.PngImagePlugin - DEBUG - STREAM b'IDAT' 41 1064
2025-12-26 05:27:05,025 - PIL.PngImagePlugin - DEBUG - STREAM b'IDAT' 1117 6
2025-12-26 05:27:05,025 - PIL.PngImagePlugin - DEBUG - STREAM b'IHDR' 16 13
2025-12-26 05:27:05,026 - PIL.PngImagePlugin - DEBUG - STREAM b'IDAT' 41 1341
2025-12-26 05:27:05,026 - PIL.PngImagePlugin - DEBUG - STREAM b'IHDR' 16 13
2025-12-26 05:27:05,026 - PIL.PngImagePlugin - DEBUG - STREAM b'IDAT' 41 586
2025-12-26 05:27:05,026 - PIL.PngImagePlugin - DEBUG - STREAM b'IDAT' 639 6
2025-12-26 05:27:05,038 - PIL.PngImagePlugin - DEBUG - STREAM b'IHDR' 16 13
2025-12-26 05:27:05,038 - PIL.PngImagePlugin - DEBUG - STREAM b'IDAT' 41 680
2025-12-26 05:27:05,039 - PIL.PngImagePlugin - DEBUG - STREAM b'IHDR' 16 13
2025-12-26 05:27:05,039 - PIL.PngImagePlugin - DEBUG - STREAM b'IDAT' 41 683
2025-12-26 05:27:05,039 - PIL.PngImagePlugin - DEBUG - STREAM b'IDAT' 736 6
2025-12-26 05:27:05,040 - PIL.PngImagePlugin - DEBUG - STREAM b'IHDR' 16 13
2025-12-26 05:27:05,040 - PIL.PngImagePlugin - DEBUG - STREAM b'IDAT' 41 415
2025-12-26 05:27:05,040 - PIL.PngImagePlugin - DEBUG - STREAM b'IHDR' 16 13
2025-12-26 05:27:05,040 - PIL.PngImagePlugin - DEBUG - STREAM b'IDAT' 41 416
2025-12-26 05:27:05,040 - PIL.PngImagePlugin - DEBUG - STREAM b'IDAT' 469 6
2025-12-26 05:27:05,041 - PIL.PngImagePlugin - DEBUG - STREAM b'IHDR' 16 13
2025-12-26 05:27:05,041 - PIL.PngImagePlugin - DEBUG - STREAM b'IDAT' 41 554
2025-12-26 05:27:05,041 - PIL.PngImagePlugin - DEBUG - STREAM b'IHDR' 16 13
2025-12-26 05:27:05,041 - PIL.PngImagePlugin - DEBUG - STREAM b'IDAT' 41 570
2025-12-26 05:27:05,041 - PIL.PngImagePlugin - DEBUG - STREAM b'IHDR' 16 13
2025-12-26 05:27:05,042 - PIL.PngImagePlugin - DEBUG - STREAM b'IDAT' 41 822
2025-12-26 05:27:05,042 - PIL.PngImagePlugin - DEBUG - STREAM b'IHDR' 16 13
2025-12-26 05:27:05,042 - PIL.PngImagePlugin - DEBUG - STREAM b'IDAT' 41 831
2025-12-26 05:27:05,042 - PIL.PngImagePlugin - DEBUG - STREAM b'IDAT' 884 6
2025-12-26 05:27:05,043 - PIL.PngImagePlugin - DEBUG - STREAM b'IHDR' 16 13
2025-12-26 05:27:05,043 - PIL.PngImagePlugin - DEBUG - STREAM b'IDAT' 41 1146
2025-12-26 05:27:05,043 - PIL.PngImagePlugin - DEBUG - STREAM b'IHDR' 16 13
2025-12-26 05:27:05,043 - PIL.PngImagePlugin - DEBUG - STREAM b'IDAT' 41 1152
2025-12-26 05:27:05,043 - PIL.PngImagePlugin - DEBUG - STREAM b'IDAT' 1205 6
2025-12-26 05:27:05,045 - PIL.PngImagePlugin - DEBUG - STREAM b'IHDR' 16 13
2025-12-26 05:27:05,045 - PIL.PngImagePlugin - DEBUG - STREAM b'IDAT' 41 1046
2025-12-26 05:27:05,045 - PIL.PngImagePlugin - DEBUG - STREAM b'IHDR' 16 13
2025-12-26 05:27:05,046 - PIL.PngImagePlugin - DEBUG - STREAM b'IDAT' 41 1064
2025-12-26 05:27:05,046 - PIL.PngImagePlugin - DEBUG - STREAM b'IDAT' 1117 6
2025-12-26 05:27:05,048 - src.vidfetch.app - INFO - Application initialized, starting main loop...
2025-12-26 05:27:30,615 - PIL.PngImagePlugin - DEBUG - STREAM b'IHDR' 16 13
2025-12-26 05:27:30,615 - PIL.PngImagePlugin - DEBUG - STREAM b'IDAT' 41 1134
2025-12-26 05:27:30,615 - PIL.PngImagePlugin - DEBUG - STREAM b'IHDR' 16 13
2025-12-26 05:27:30,615 - PIL.PngImagePlugin - DEBUG - STREAM b'IDAT' 41 1146
2025-12-26 05:27:30,616 - PIL.PngImagePlugin - DEBUG - STREAM b'IDAT' 1199 6
2025-12-26 05:27:30,629 - root - INFO - Loading thumbnail from: https://i.ytimg.com/vi/8T2nZZl3GQI/maxresdefault.jpg
2025-12-26 05:27:31,265 - root - INFO - Thumbnail loaded successfully: 320x180
2025-12-26 05:27:35,728 - PIL.PngImagePlugin - DEBUG - STREAM b'IHDR' 16 13
2025-12-26 05:27:35,728 - PIL.PngImagePlugin - DEBUG - STREAM b'IDAT' 41 1038
2025-12-26 05:27:35,728 - PIL.PngImagePlugin - DEBUG - STREAM b'IHDR' 16 13
2025-12-26 05:27:35,728 - PIL.PngImagePlugin - DEBUG - STREAM b'IDAT' 41 1036
2025-12-26 05:27:35,730 - PIL.PngImagePlugin - DEBUG - STREAM b'IDAT' 1089 6
2025-12-26 05:27:35,731 - PIL.PngImagePlugin - DEBUG - STREAM b'IHDR' 16 13
2025-12-26 05:27:35,731 - PIL.PngImagePlugin - DEBUG - STREAM b'IDAT' 41 554
2025-12-26 05:27:35,731 - PIL.PngImagePlugin - DEBUG - STREAM b'IHDR' 16 13
2025-12-26 05:27:35,731 - PIL.PngImagePlugin - DEBUG - STREAM b'IDAT' 41 570
2025-12-26 05:27:35,733 - PIL.PngImagePlugin - DEBUG - STREAM b'IDAT' 623 6
2025-12-26 05:28:43,377 - root - ERROR - Video download failed: Download incomplete: Expected 7971941, got 458752
Traceback (most recent call last):
  File "/Users/ahmedelsayed/Desktop/two-apps/VidFetch/src/vidfetch/ui/download_item.py", line 129, in _run_download
    self.dl_instance.start()
  File "/Users/ahmedelsayed/Desktop/two-apps/VidFetch/src/vidfetch/core/downloader.py", line 59, in start
    self._download_single_thread()
  File "/Users/ahmedelsayed/Desktop/two-apps/VidFetch/src/vidfetch/core/downloader.py", line 187, in _download_single_thread
    raise e
  File "/Users/ahmedelsayed/Desktop/two-apps/VidFetch/src/vidfetch/core/downloader.py", line 185, in _download_single_thread
    raise ValueError(f"Download incomplete: Expected {self._total_bytes}, got {actual_size}")
ValueError: Download incomplete: Expected 7971941, got 458752
2025-12-26 05:28:50,946 - src.vidfetch.app - INFO - Application closed normally
